<?xml version="1.0" encoding="UTF-8" ?>
<testsuite tests="2" failures="0" name="com.quark.porent.service.impl.UserServiceImplTest" time="6.494" errors="1" skipped="0">
  <properties>
[...]
</properties>
  <testcase classname="com.quark.porent.service.impl.UserServiceImplTest" name="getUserByApi" time="6.494">
    <error type="java.lang.NullPointerException">java.lang.NullPointerException
	at com.quark.porent.service.impl.UserServiceImpl.getUserByApi(UserServiceImpl.java:25)
	at com.quark.porent.service.impl.UserServiceImplTest.getUserByApi(UserServiceImplTest.java:26)
	at sun.reflect.NativeMethodAccessorImpl.invoke0(Native Method)
	at sun.reflect.NativeMethodAccessorImpl.invoke(NativeMethodAccessorImpl.java:62)
	at sun.reflect.DelegatingMethodAccessorImpl.invoke(DelegatingMethodAccessorImpl.java:43)
	at java.lang.reflect.Method.invoke(Method.java:498)
	at org.junit.runners.model.FrameworkMethod$1.runReflectiveCall(FrameworkMethod.java:50)
	at org.junit.internal.runners.model.ReflectiveCallable.run(ReflectiveCallable.java:12)
	at org.junit.runners.model.FrameworkMethod.invokeExplosively(FrameworkMethod.java:47)
	at org.junit.internal.runners.statements.InvokeMethod.evaluate(InvokeMethod.java:17)
	at org.springframework.test.context.junit4.statements.RunBeforeTestMethodCallbacks.evaluate(RunBeforeTestMethodCallbacks.java:75)
	at org.springframework.test.context.junit4.statements.RunAfterTestMethodCallbacks.evaluate(RunAfterTestMethodCallbacks.java:86)
	at org.springframework.test.context.junit4.statements.SpringRepeat.evaluate(SpringRepeat.java:84)
	at org.junit.runners.ParentRunner.runLeaf(ParentRunner.java:325)
	at org.springframework.test.context.junit4.SpringJUnit4ClassRunner.runChild(SpringJUnit4ClassRunner.java:252)
	at org.springframework.test.context.junit4.SpringJUnit4ClassRunner.runChild(SpringJUnit4ClassRunner.java:94)
	at org.junit.runners.ParentRunner$3.run(ParentRunner.java:290)
	at org.junit.runners.ParentRunner$1.schedule(ParentRunner.java:71)
	at org.junit.runners.ParentRunner.runChildren(ParentRunner.java:288)
	at org.junit.runners.ParentRunner.access$000(ParentRunner.java:58)
	at org.junit.runners.ParentRunner$2.evaluate(ParentRunner.java:268)
	at org.springframework.test.context.junit4.statements.RunBeforeTestClassCallbacks.evaluate(RunBeforeTestClassCallbacks.java:61)
	at org.springframework.test.context.junit4.statements.RunAfterTestClassCallbacks.evaluate(RunAfterTestClassCallbacks.java:70)
	at org.junit.runners.ParentRunner.run(ParentRunner.java:363)
	at org.springframework.test.context.junit4.SpringJUnit4ClassRunner.run(SpringJUnit4ClassRunner.java:191)
	at org.apache.maven.surefire.junit4.JUnit4Provider.execute(JUnit4Provider.java:252)
	at org.apache.maven.surefire.junit4.JUnit4Provider.executeTestSet(JUnit4Provider.java:141)
	at org.apache.maven.surefire.junit4.JUnit4Provider.invoke(JUnit4Provider.java:112)
	at sun.reflect.NativeMethodAccessorImpl.invoke0(Native Method)
	at sun.reflect.NativeMethodAccessorImpl.invoke(NativeMethodAccessorImpl.java:62)
	at sun.reflect.DelegatingMethodAccessorImpl.invoke(DelegatingMethodAccessorImpl.java:43)
	at java.lang.reflect.Method.invoke(Method.java:498)
	at org.apache.maven.surefire.util.ReflectionUtils.invokeMethodWithArray(ReflectionUtils.java:189)
	at org.apache.maven.surefire.booter.ProviderFactory$ProviderProxy.invoke(ProviderFactory.java:165)
	at org.apache.maven.surefire.booter.ProviderFactory.invokeProvider(ProviderFactory.java:85)
	at org.apache.maven.surefire.booter.ForkedBooter.runSuitesInProcess(ForkedBooter.java:115)
	at org.apache.maven.surefire.booter.ForkedBooter.main(ForkedBooter.java:75)
</error>
    <system-out>09:57:35.659 [main] DEBUG org.springframework.test.context.junit4.SpringJUnit4ClassRunner - SpringJUnit4ClassRunner constructor called with [class com.quark.porent.service.impl.UserServiceImplTest]
09:57:35.664 [main] DEBUG org.springframework.test.context.BootstrapUtils - Instantiating CacheAwareContextLoaderDelegate from class [org.springframework.test.context.cache.DefaultCacheAwareContextLoaderDelegate]
09:57:35.671 [main] DEBUG org.springframework.test.context.BootstrapUtils - Instantiating BootstrapContext using constructor [public org.springframework.test.context.support.DefaultBootstrapContext(java.lang.Class,org.springframework.test.context.CacheAwareContextLoaderDelegate)]
09:57:35.685 [main] DEBUG org.springframework.test.context.BootstrapUtils - Instantiating TestContextBootstrapper for test class [com.quark.porent.service.impl.UserServiceImplTest] from class [org.springframework.boot.test.context.SpringBootTestContextBootstrapper]
09:57:35.699 [main] INFO org.springframework.boot.test.context.SpringBootTestContextBootstrapper - Neither @ContextConfiguration nor @ContextHierarchy found for test class [com.quark.porent.service.impl.UserServiceImplTest], using SpringBootContextLoader
09:57:35.703 [main] DEBUG org.springframework.test.context.support.AbstractContextLoader - Did not detect default resource location for test class [com.quark.porent.service.impl.UserServiceImplTest]: class path resource [com/quark/porent/service/impl/UserServiceImplTest-context.xml] does not exist
09:57:35.703 [main] DEBUG org.springframework.test.context.support.AbstractContextLoader - Did not detect default resource location for test class [com.quark.porent.service.impl.UserServiceImplTest]: class path resource [com/quark/porent/service/impl/UserServiceImplTestContext.groovy] does not exist
09:57:35.704 [main] INFO org.springframework.test.context.support.AbstractContextLoader - Could not detect default resource locations for test class [com.quark.porent.service.impl.UserServiceImplTest]: no resource found for suffixes {-context.xml, Context.groovy}.
09:57:35.704 [main] INFO org.springframework.test.context.support.AnnotationConfigContextLoaderUtils - Could not detect default configuration classes for test class [com.quark.porent.service.impl.UserServiceImplTest]: UserServiceImplTest does not declare any static, non-private, non-final, nested classes annotated with @Configuration.
09:57:35.740 [main] DEBUG org.springframework.test.context.support.ActiveProfilesUtils - Could not find an &apos;annotation declaring class&apos; for annotation type [org.springframework.test.context.ActiveProfiles] and class [com.quark.porent.service.impl.UserServiceImplTest]
09:57:35.747 [main] DEBUG org.springframework.core.env.StandardEnvironment - Adding [systemProperties] PropertySource with lowest search precedence
09:57:35.747 [main] DEBUG org.springframework.core.env.StandardEnvironment - Adding [systemEnvironment] PropertySource with lowest search precedence
09:57:35.748 [main] DEBUG org.springframework.core.env.StandardEnvironment - Initialized StandardEnvironment with PropertySources [systemProperties,systemEnvironment]
09:57:35.758 [main] DEBUG org.springframework.core.io.support.PathMatchingResourcePatternResolver - Resolved classpath location [com/quark/porent/service/impl/] to resources [URL [file:/E:/standwsp/BBS/JavaQuarkBBS-master/quark-portal/target/test-classes/com/quark/porent/service/impl/], URL [file:/E:/standwsp/BBS/JavaQuarkBBS-master/quark-portal/target/classes/com/quark/porent/service/impl/]]
09:57:35.759 [main] DEBUG org.springframework.core.io.support.PathMatchingResourcePatternResolver - Looking for matching resources in directory tree [E:\standwsp\BBS\JavaQuarkBBS-master\quark-portal\target\test-classes\com\quark\porent\service\impl]
09:57:35.759 [main] DEBUG org.springframework.core.io.support.PathMatchingResourcePatternResolver - Searching directory [E:\standwsp\BBS\JavaQuarkBBS-master\quark-portal\target\test-classes\com\quark\porent\service\impl] for files matching pattern [E:/standwsp/BBS/JavaQuarkBBS-master/quark-portal/target/test-classes/com/quark/porent/service/impl/*.class]
09:57:35.763 [main] DEBUG org.springframework.core.io.support.PathMatchingResourcePatternResolver - Looking for matching resources in directory tree [E:\standwsp\BBS\JavaQuarkBBS-master\quark-portal\target\classes\com\quark\porent\service\impl]
09:57:35.763 [main] DEBUG org.springframework.core.io.support.PathMatchingResourcePatternResolver - Searching directory [E:\standwsp\BBS\JavaQuarkBBS-master\quark-portal\target\classes\com\quark\porent\service\impl] for files matching pattern [E:/standwsp/BBS/JavaQuarkBBS-master/quark-portal/target/classes/com/quark/porent/service/impl/*.class]
09:57:35.764 [main] DEBUG org.springframework.core.io.support.PathMatchingResourcePatternResolver - Resolved location pattern [classpath*:com/quark/porent/service/impl/*.class] to resources [file [E:\standwsp\BBS\JavaQuarkBBS-master\quark-portal\target\test-classes\com\quark\porent\service\impl\UserServiceImplTest.class], file [E:\standwsp\BBS\JavaQuarkBBS-master\quark-portal\target\classes\com\quark\porent\service\impl\UserServiceImpl.class]]
09:57:35.780 [main] DEBUG org.springframework.core.io.support.PathMatchingResourcePatternResolver - Resolved classpath location [com/quark/porent/service/] to resources [URL [file:/E:/standwsp/BBS/JavaQuarkBBS-master/quark-portal/target/test-classes/com/quark/porent/service/], URL [file:/E:/standwsp/BBS/JavaQuarkBBS-master/quark-portal/target/classes/com/quark/porent/service/]]
09:57:35.780 [main] DEBUG org.springframework.core.io.support.PathMatchingResourcePatternResolver - Looking for matching resources in directory tree [E:\standwsp\BBS\JavaQuarkBBS-master\quark-portal\target\test-classes\com\quark\porent\service]
09:57:35.780 [main] DEBUG org.springframework.core.io.support.PathMatchingResourcePatternResolver - Searching directory [E:\standwsp\BBS\JavaQuarkBBS-master\quark-portal\target\test-classes\com\quark\porent\service] for files matching pattern [E:/standwsp/BBS/JavaQuarkBBS-master/quark-portal/target/test-classes/com/quark/porent/service/*.class]
09:57:35.781 [main] DEBUG org.springframework.core.io.support.PathMatchingResourcePatternResolver - Looking for matching resources in directory tree [E:\standwsp\BBS\JavaQuarkBBS-master\quark-portal\target\classes\com\quark\porent\service]
09:57:35.781 [main] DEBUG org.springframework.core.io.support.PathMatchingResourcePatternResolver - Searching directory [E:\standwsp\BBS\JavaQuarkBBS-master\quark-portal\target\classes\com\quark\porent\service] for files matching pattern [E:/standwsp/BBS/JavaQuarkBBS-master/quark-portal/target/classes/com/quark/porent/service/*.class]
09:57:35.781 [main] DEBUG org.springframework.core.io.support.PathMatchingResourcePatternResolver - Resolved location pattern [classpath*:com/quark/porent/service/*.class] to resources [file [E:\standwsp\BBS\JavaQuarkBBS-master\quark-portal\target\classes\com\quark\porent\service\UserService.class]]
09:57:35.782 [main] DEBUG org.springframework.core.io.support.PathMatchingResourcePatternResolver - Resolved classpath location [com/quark/porent/] to resources [URL [file:/E:/standwsp/BBS/JavaQuarkBBS-master/quark-portal/target/test-classes/com/quark/porent/], URL [file:/E:/standwsp/BBS/JavaQuarkBBS-master/quark-portal/target/classes/com/quark/porent/]]
09:57:35.782 [main] DEBUG org.springframework.core.io.support.PathMatchingResourcePatternResolver - Looking for matching resources in directory tree [E:\standwsp\BBS\JavaQuarkBBS-master\quark-portal\target\test-classes\com\quark\porent]
09:57:35.782 [main] DEBUG org.springframework.core.io.support.PathMatchingResourcePatternResolver - Searching directory [E:\standwsp\BBS\JavaQuarkBBS-master\quark-portal\target\test-classes\com\quark\porent] for files matching pattern [E:/standwsp/BBS/JavaQuarkBBS-master/quark-portal/target/test-classes/com/quark/porent/*.class]
09:57:35.783 [main] DEBUG org.springframework.core.io.support.PathMatchingResourcePatternResolver - Looking for matching resources in directory tree [E:\standwsp\BBS\JavaQuarkBBS-master\quark-portal\target\classes\com\quark\porent]
09:57:35.783 [main] DEBUG org.springframework.core.io.support.PathMatchingResourcePatternResolver - Searching directory [E:\standwsp\BBS\JavaQuarkBBS-master\quark-portal\target\classes\com\quark\porent] for files matching pattern [E:/standwsp/BBS/JavaQuarkBBS-master/quark-portal/target/classes/com/quark/porent/*.class]
09:57:35.785 [main] DEBUG org.springframework.core.io.support.PathMatchingResourcePatternResolver - Resolved location pattern [classpath*:com/quark/porent/*.class] to resources [file [E:\standwsp\BBS\JavaQuarkBBS-master\quark-portal\target\classes\com\quark\porent\PortalApplication.class]]
09:57:35.822 [main] DEBUG org.springframework.context.annotation.ClassPathScanningCandidateComponentProvider - Identified candidate component class: file [E:\standwsp\BBS\JavaQuarkBBS-master\quark-portal\target\classes\com\quark\porent\PortalApplication.class]
09:57:35.823 [main] INFO org.springframework.boot.test.context.SpringBootTestContextBootstrapper - Found @SpringBootConfiguration com.quark.porent.PortalApplication for test class com.quark.porent.service.impl.UserServiceImplTest
09:57:35.827 [main] DEBUG org.springframework.boot.test.context.SpringBootTestContextBootstrapper - @TestExecutionListeners is not present for class [com.quark.porent.service.impl.UserServiceImplTest]: using defaults.
09:57:35.831 [main] INFO org.springframework.boot.test.context.SpringBootTestContextBootstrapper - Loaded default TestExecutionListener class names from location [META-INF/spring.factories]: [org.springframework.boot.test.mock.mockito.MockitoTestExecutionListener, org.springframework.boot.test.mock.mockito.ResetMocksTestExecutionListener, org.springframework.boot.test.autoconfigure.restdocs.RestDocsTestExecutionListener, org.springframework.boot.test.autoconfigure.web.client.MockRestServiceServerResetTestExecutionListener, org.springframework.boot.test.autoconfigure.web.servlet.MockMvcPrintOnlyOnFailureTestExecutionListener, org.springframework.boot.test.autoconfigure.web.servlet.WebDriverTestExecutionListener, org.springframework.test.context.web.ServletTestExecutionListener, org.springframework.test.context.support.DirtiesContextBeforeModesTestExecutionListener, org.springframework.test.context.support.DependencyInjectionTestExecutionListener, org.springframework.test.context.support.DirtiesContextTestExecutionListener, org.springframework.test.context.transaction.TransactionalTestExecutionListener, org.springframework.test.context.jdbc.SqlScriptsTestExecutionListener]
09:57:35.844 [main] INFO org.springframework.boot.test.context.SpringBootTestContextBootstrapper - Could not instantiate TestExecutionListener [org.springframework.test.context.transaction.TransactionalTestExecutionListener]. Specify custom listener classes or make the default listener classes (and their required dependencies) available. Offending class: [org/springframework/transaction/interceptor/TransactionAttributeSource]
09:57:35.845 [main] INFO org.springframework.boot.test.context.SpringBootTestContextBootstrapper - Could not instantiate TestExecutionListener [org.springframework.test.context.jdbc.SqlScriptsTestExecutionListener]. Specify custom listener classes or make the default listener classes (and their required dependencies) available. Offending class: [org/springframework/transaction/interceptor/TransactionAttribute]
09:57:35.845 [main] INFO org.springframework.boot.test.context.SpringBootTestContextBootstrapper - Using TestExecutionListeners: [org.springframework.test.context.web.ServletTestExecutionListener@130f889, org.springframework.test.context.support.DirtiesContextBeforeModesTestExecutionListener@1188e820, org.springframework.boot.test.autoconfigure.SpringBootDependencyInjectionTestExecutionListener@2f490758, org.springframework.test.context.support.DirtiesContextTestExecutionListener@101df177, org.springframework.boot.test.autoconfigure.restdocs.RestDocsTestExecutionListener@166fa74d, org.springframework.boot.test.autoconfigure.web.client.MockRestServiceServerResetTestExecutionListener@40f08448, org.springframework.boot.test.mock.mockito.ResetMocksTestExecutionListener@276438c9, org.springframework.boot.test.mock.mockito.MockitoTestExecutionListener@588df31b, org.springframework.boot.test.autoconfigure.web.servlet.WebDriverTestExecutionListener@33b37288, org.springframework.boot.test.autoconfigure.web.servlet.MockMvcPrintOnlyOnFailureTestExecutionListener@77a57272]
09:57:35.847 [main] DEBUG org.springframework.test.annotation.ProfileValueUtils - Retrieved @ProfileValueSourceConfiguration [null] for test class [com.quark.porent.service.impl.UserServiceImplTest]
09:57:35.848 [main] DEBUG org.springframework.test.annotation.ProfileValueUtils - Retrieved ProfileValueSource type [class org.springframework.test.annotation.SystemProfileValueSource] for class [com.quark.porent.service.impl.UserServiceImplTest]
09:57:35.848 [main] DEBUG org.springframework.test.annotation.ProfileValueUtils - Retrieved @ProfileValueSourceConfiguration [null] for test class [com.quark.porent.service.impl.UserServiceImplTest]
09:57:35.848 [main] DEBUG org.springframework.test.annotation.ProfileValueUtils - Retrieved ProfileValueSource type [class org.springframework.test.annotation.SystemProfileValueSource] for class [com.quark.porent.service.impl.UserServiceImplTest]
09:57:35.852 [main] DEBUG org.springframework.test.context.support.AbstractDirtiesContextTestExecutionListener - Before test class: context [DefaultTestContext@7fad8c79 testClass = UserServiceImplTest, testInstance = [null], testMethod = [null], testException = [null], mergedContextConfiguration = [WebMergedContextConfiguration@71a794e5 testClass = UserServiceImplTest, locations = &apos;{}&apos;, classes = &apos;{class com.quark.porent.PortalApplication}&apos;, contextInitializerClasses = &apos;[]&apos;, activeProfiles = &apos;{}&apos;, propertySourceLocations = &apos;{classpath:portal.properties}&apos;, propertySourceProperties = &apos;{org.springframework.boot.test.context.SpringBootTestContextBootstrapper=true}&apos;, contextCustomizers = set[org.springframework.boot.test.context.SpringBootTestContextCustomizer@eec5a4a, org.springframework.boot.test.context.filter.ExcludeFilterContextCustomizer@57536d79, org.springframework.boot.test.json.DuplicateJsonObjectContextCustomizerFactory$DuplicateJsonObjectContextCustomizer@4b4523f8, org.springframework.boot.test.mock.mockito.MockitoContextCustomizer@0, org.springframework.boot.test.autoconfigure.properties.PropertyMappingContextCustomizer@0, org.springframework.boot.test.autoconfigure.web.servlet.WebDriverContextCustomizerFactory$Customizer@6321e813], resourceBasePath = &apos;src/main/webapp&apos;, contextLoader = &apos;org.springframework.boot.test.context.SpringBootContextLoader&apos;, parent = [null]]], class annotated with @DirtiesContext [false] with mode [null].
09:57:35.853 [main] DEBUG org.springframework.test.annotation.ProfileValueUtils - Retrieved @ProfileValueSourceConfiguration [null] for test class [com.quark.porent.service.impl.UserServiceImplTest]
09:57:35.853 [main] DEBUG org.springframework.test.annotation.ProfileValueUtils - Retrieved ProfileValueSource type [class org.springframework.test.annotation.SystemProfileValueSource] for class [com.quark.porent.service.impl.UserServiceImplTest]
09:57:35.915 [main] DEBUG org.springframework.core.env.StandardEnvironment - Adding [systemProperties] PropertySource with lowest search precedence
09:57:35.915 [main] DEBUG org.springframework.core.env.StandardEnvironment - Adding [systemEnvironment] PropertySource with lowest search precedence
09:57:35.915 [main] DEBUG org.springframework.core.env.StandardEnvironment - Initialized StandardEnvironment with PropertySources [systemProperties,systemEnvironment]
09:57:35.916 [main] DEBUG org.springframework.core.env.StandardEnvironment - Adding [class path resource [portal.properties]] PropertySource with highest search precedence
09:57:35.917 [main] DEBUG org.springframework.core.env.MutablePropertySources - Adding [inline] PropertySource with highest search precedence
09:57:35.920 [main] DEBUG org.springframework.test.context.support.TestPropertySourceUtils - Adding inlined properties to environment: {spring.jmx.enabled=false, org.springframework.boot.test.context.SpringBootTestContextBootstrapper=true, server.port=-1}
09:57:35.921 [main] DEBUG org.springframework.core.env.StandardEnvironment - Adding [Inlined Test Properties] PropertySource with highest search precedence

  .   ____          _            __ _ _
 /\\ / ___&apos;_ __ _ _(_)_ __  __ _ \ \ \ \
( ( )\___ | &apos;_ | &apos;_| | &apos;_ \/ _` | \ \ \ \
 \\/  ___)| |_)| | | | | || (_| |  ) ) ) )
  &apos;  |____| .__|_| |_|_| |_\__, | / / / /
 =========|_|==============|___/=/_/_/_/
 :: Spring Boot ::        (v1.5.6.RELEASE)

2017-12-27 09:57:36.115  INFO 12824 --- [           main] c.q.p.service.impl.UserServiceImplTest   : Starting UserServiceImplTest on DELL-PC with PID 12824 (started by DELL in E:\standwsp\BBS\JavaQuarkBBS-master\quark-portal)
2017-12-27 09:57:36.118  INFO 12824 --- [           main] c.q.p.service.impl.UserServiceImplTest   : No active profile set, falling back to default profiles: default
2017-12-27 09:57:38.551  INFO 12824 --- [           main] o.s.w.c.s.GenericWebApplicationContext   : Refreshing org.springframework.web.context.support.GenericWebApplicationContext@5609159b: startup date [Wed Dec 27 09:57:38 CST 2017]; root of context hierarchy
2017-12-27 09:57:38.552 DEBUG 12824 --- [           main] o.s.w.c.s.GenericWebApplicationContext   : Bean factory for org.springframework.web.context.support.GenericWebApplicationContext@5609159b: org.springframework.beans.factory.support.DefaultListableBeanFactory@329dbdbf: defining beans [org.springframework.boot.test.mock.mockito.MockitoPostProcessor$SpyPostProcessor,org.springframework.boot.test.mock.mockito.MockitoPostProcessor,org.springframework.context.annotation.internalConfigurationAnnotationProcessor,org.springframework.context.annotation.internalAutowiredAnnotationProcessor,org.springframework.context.annotation.internalRequiredAnnotationProcessor,org.springframework.context.annotation.internalCommonAnnotationProcessor,org.springframework.context.event.internalEventListenerProcessor,org.springframework.context.event.internalEventListenerFactory,portalApplication]; root of factory hierarchy
2017-12-27 09:57:39.413 DEBUG 12824 --- [           main] o.s.w.c.s.GenericWebApplicationContext   : Unable to locate MessageSource with name &apos;messageSource&apos;: using default [org.springframework.context.support.DelegatingMessageSource@31c269fd]
2017-12-27 09:57:39.414 DEBUG 12824 --- [           main] o.s.w.c.s.GenericWebApplicationContext   : Unable to locate ApplicationEventMulticaster with name &apos;applicationEventMulticaster&apos;: using default [org.springframework.context.event.SimpleApplicationEventMulticaster@372b0d86]
2017-12-27 09:57:39.849  INFO 12824 --- [           main] s.w.s.m.m.a.RequestMappingHandlerAdapter : Looking for @ControllerAdvice: org.springframework.web.context.support.GenericWebApplicationContext@5609159b: startup date [Wed Dec 27 09:57:38 CST 2017]; root of context hierarchy
2017-12-27 09:57:39.912 DEBUG 12824 --- [           main] s.w.s.m.m.a.RequestMappingHandlerMapping : Looking for request mappings in application context: org.springframework.web.context.support.GenericWebApplicationContext@5609159b: startup date [Wed Dec 27 09:57:38 CST 2017]; root of context hierarchy
2017-12-27 09:57:39.918 DEBUG 12824 --- [           main] s.w.s.m.m.a.RequestMappingHandlerMapping : 1 request handler methods found on class com.quark.porent.controller.LabelController: {public java.lang.String com.quark.porent.controller.LabelController.getLabelDetail()={[/label/detail]}}
2017-12-27 09:57:39.919  INFO 12824 --- [           main] s.w.s.m.m.a.RequestMappingHandlerMapping : Mapped &quot;{[/label/detail]}&quot; onto public java.lang.String com.quark.porent.controller.LabelController.getLabelDetail()
2017-12-27 09:57:39.920 DEBUG 12824 --- [           main] s.w.s.m.m.a.RequestMappingHandlerMapping : 3 request handler methods found on class com.quark.porent.controller.PageController: {public java.lang.String com.quark.porent.controller.PageController.indexPage()={[/index]}, public java.lang.String com.quark.porent.controller.PageController.labelhome()={[/label]}, public java.lang.String com.quark.porent.controller.PageController.chathome()={[/chat]}}
2017-12-27 09:57:39.920  INFO 12824 --- [           main] s.w.s.m.m.a.RequestMappingHandlerMapping : Mapped &quot;{[/index]}&quot; onto public java.lang.String com.quark.porent.controller.PageController.indexPage()
2017-12-27 09:57:39.920  INFO 12824 --- [           main] s.w.s.m.m.a.RequestMappingHandlerMapping : Mapped &quot;{[/label]}&quot; onto public java.lang.String com.quark.porent.controller.PageController.labelhome()
2017-12-27 09:57:39.920  INFO 12824 --- [           main] s.w.s.m.m.a.RequestMappingHandlerMapping : Mapped &quot;{[/chat]}&quot; onto public java.lang.String com.quark.porent.controller.PageController.chathome()
2017-12-27 09:57:39.921 DEBUG 12824 --- [           main] s.w.s.m.m.a.RequestMappingHandlerMapping : 2 request handler methods found on class com.quark.porent.controller.PostsController: {public java.lang.String com.quark.porent.controller.PostsController.add()={[/posts/add]}, public java.lang.String com.quark.porent.controller.PostsController.detail()={[/posts/detail]}}
2017-12-27 09:57:39.921  INFO 12824 --- [           main] s.w.s.m.m.a.RequestMappingHandlerMapping : Mapped &quot;{[/posts/add]}&quot; onto public java.lang.String com.quark.porent.controller.PostsController.add()
2017-12-27 09:57:39.921  INFO 12824 --- [           main] s.w.s.m.m.a.RequestMappingHandlerMapping : Mapped &quot;{[/posts/detail]}&quot; onto public java.lang.String com.quark.porent.controller.PostsController.detail()
2017-12-27 09:57:39.923 DEBUG 12824 --- [           main] s.w.s.m.m.a.RequestMappingHandlerMapping : 7 request handler methods found on class com.quark.porent.controller.UserController: {public java.lang.String com.quark.porent.controller.UserController.register()={[/user/register]}, public java.lang.String com.quark.porent.controller.UserController.message()={[/user/message]}, public java.lang.String com.quark.porent.controller.UserController.login()={[/user/login]}, public java.lang.String com.quark.porent.controller.UserController.home()={[/user/home]}, public java.lang.String com.quark.porent.controller.UserController.setting()={[/user/set]}, public java.lang.String com.quark.porent.controller.UserController.seticon()={[/user/seticon]}, public java.lang.String com.quark.porent.controller.UserController.setpsw()={[/user/setpsw]}}
2017-12-27 09:57:39.923  INFO 12824 --- [           main] s.w.s.m.m.a.RequestMappingHandlerMapping : Mapped &quot;{[/user/register]}&quot; onto public java.lang.String com.quark.porent.controller.UserController.register()
2017-12-27 09:57:39.924  INFO 12824 --- [           main] s.w.s.m.m.a.RequestMappingHandlerMapping : Mapped &quot;{[/user/message]}&quot; onto public java.lang.String com.quark.porent.controller.UserController.message()
2017-12-27 09:57:39.924  INFO 12824 --- [           main] s.w.s.m.m.a.RequestMappingHandlerMapping : Mapped &quot;{[/user/login]}&quot; onto public java.lang.String com.quark.porent.controller.UserController.login()
2017-12-27 09:57:39.924  INFO 12824 --- [           main] s.w.s.m.m.a.RequestMappingHandlerMapping : Mapped &quot;{[/user/home]}&quot; onto public java.lang.String com.quark.porent.controller.UserController.home()
2017-12-27 09:57:39.924  INFO 12824 --- [           main] s.w.s.m.m.a.RequestMappingHandlerMapping : Mapped &quot;{[/user/set]}&quot; onto public java.lang.String com.quark.porent.controller.UserController.setting()
2017-12-27 09:57:39.924  INFO 12824 --- [           main] s.w.s.m.m.a.RequestMappingHandlerMapping : Mapped &quot;{[/user/seticon]}&quot; onto public java.lang.String com.quark.porent.controller.UserController.seticon()
2017-12-27 09:57:39.924  INFO 12824 --- [           main] s.w.s.m.m.a.RequestMappingHandlerMapping : Mapped &quot;{[/user/setpsw]}&quot; onto public java.lang.String com.quark.porent.controller.UserController.setpsw()
2017-12-27 09:57:39.925 DEBUG 12824 --- [           main] s.w.s.m.m.a.RequestMappingHandlerMapping : 2 request handler methods found on class org.springframework.boot.autoconfigure.web.BasicErrorController: {public org.springframework.http.ResponseEntity org.springframework.boot.autoconfigure.web.BasicErrorController.error(javax.servlet.http.HttpServletRequest)={[/error]}, public org.springframework.web.servlet.ModelAndView org.springframework.boot.autoconfigure.web.BasicErrorController.errorHtml(javax.servlet.http.HttpServletRequest,javax.servlet.http.HttpServletResponse)={[/error],produces=[text/html]}}
2017-12-27 09:57:39.926  INFO 12824 --- [           main] s.w.s.m.m.a.RequestMappingHandlerMapping : Mapped &quot;{[/error]}&quot; onto public org.springframework.http.ResponseEntity&lt;java.util.Map&lt;java.lang.String, java.lang.Object&gt;&gt; org.springframework.boot.autoconfigure.web.BasicErrorController.error(javax.servlet.http.HttpServletRequest)
2017-12-27 09:57:39.927  INFO 12824 --- [           main] s.w.s.m.m.a.RequestMappingHandlerMapping : Mapped &quot;{[/error],produces=[text/html]}&quot; onto public org.springframework.web.servlet.ModelAndView org.springframework.boot.autoconfigure.web.BasicErrorController.errorHtml(javax.servlet.http.HttpServletRequest,javax.servlet.http.HttpServletResponse)
2017-12-27 09:57:39.941 DEBUG 12824 --- [           main] o.s.w.s.h.BeanNameUrlHandlerMapping      : Looking for URL mappings in application context: org.springframework.web.context.support.GenericWebApplicationContext@5609159b: startup date [Wed Dec 27 09:57:38 CST 2017]; root of context hierarchy
2017-12-27 09:57:39.942 DEBUG 12824 --- [           main] o.s.w.s.h.BeanNameUrlHandlerMapping      : Rejected bean name &apos;org.springframework.boot.test.mock.mockito.MockitoPostProcessor$SpyPostProcessor&apos;: no URL paths identified
2017-12-27 09:57:39.942 DEBUG 12824 --- [           main] o.s.w.s.h.BeanNameUrlHandlerMapping      : Rejected bean name &apos;org.springframework.boot.test.mock.mockito.MockitoPostProcessor&apos;: no URL paths identified
2017-12-27 09:57:39.942 DEBUG 12824 --- [           main] o.s.w.s.h.BeanNameUrlHandlerMapping      : Rejected bean name &apos;org.springframework.context.annotation.internalConfigurationAnnotationProcessor&apos;: no URL paths identified
2017-12-27 09:57:39.942 DEBUG 12824 --- [           main] o.s.w.s.h.BeanNameUrlHandlerMapping      : Rejected bean name &apos;org.springframework.context.annotation.internalAutowiredAnnotationProcessor&apos;: no URL paths identified
2017-12-27 09:57:39.942 DEBUG 12824 --- [           main] o.s.w.s.h.BeanNameUrlHandlerMapping      : Rejected bean name &apos;org.springframework.context.annotation.internalRequiredAnnotationProcessor&apos;: no URL paths identified
2017-12-27 09:57:39.942 DEBUG 12824 --- [           main] o.s.w.s.h.BeanNameUrlHandlerMapping      : Rejected bean name &apos;org.springframework.context.annotation.internalCommonAnnotationProcessor&apos;: no URL paths identified
2017-12-27 09:57:39.942 DEBUG 12824 --- [           main] o.s.w.s.h.BeanNameUrlHandlerMapping      : Rejected bean name &apos;org.springframework.context.event.internalEventListenerProcessor&apos;: no URL paths identified
2017-12-27 09:57:39.942 DEBUG 12824 --- [           main] o.s.w.s.h.BeanNameUrlHandlerMapping      : Rejected bean name &apos;org.springframework.context.event.internalEventListenerFactory&apos;: no URL paths identified
2017-12-27 09:57:39.942 DEBUG 12824 --- [           main] o.s.w.s.h.BeanNameUrlHandlerMapping      : Rejected bean name &apos;portalApplication&apos;: no URL paths identified
2017-12-27 09:57:39.942 DEBUG 12824 --- [           main] o.s.w.s.h.BeanNameUrlHandlerMapping      : Rejected bean name &apos;org.springframework.boot.autoconfigure.internalCachingMetadataReaderFactory&apos;: no URL paths identified
2017-12-27 09:57:39.942 DEBUG 12824 --- [           main] o.s.w.s.h.BeanNameUrlHandlerMapping      : Rejected bean name &apos;globalExceptionHandler&apos;: no URL paths identified
2017-12-27 09:57:39.942 DEBUG 12824 --- [           main] o.s.w.s.h.BeanNameUrlHandlerMapping      : Rejected bean name &apos;propertiesConfig&apos;: no URL paths identified
2017-12-27 09:57:39.942 DEBUG 12824 --- [           main] o.s.w.s.h.BeanNameUrlHandlerMapping      : Rejected bean name &apos;webAppConfig&apos;: no URL paths identified
2017-12-27 09:57:39.942 DEBUG 12824 --- [           main] o.s.w.s.h.BeanNameUrlHandlerMapping      : Rejected bean name &apos;labelController&apos;: no URL paths identified
2017-12-27 09:57:39.943 DEBUG 12824 --- [           main] o.s.w.s.h.BeanNameUrlHandlerMapping      : Rejected bean name &apos;pageController&apos;: no URL paths identified
2017-12-27 09:57:39.943 DEBUG 12824 --- [           main] o.s.w.s.h.BeanNameUrlHandlerMapping      : Rejected bean name &apos;postsController&apos;: no URL paths identified
2017-12-27 09:57:39.943 DEBUG 12824 --- [           main] o.s.w.s.h.BeanNameUrlHandlerMapping      : Rejected bean name &apos;userController&apos;: no URL paths identified
2017-12-27 09:57:39.943 DEBUG 12824 --- [           main] o.s.w.s.h.BeanNameUrlHandlerMapping      : Rejected bean name &apos;userServiceImpl&apos;: no URL paths identified
2017-12-27 09:57:39.943 DEBUG 12824 --- [           main] o.s.w.s.h.BeanNameUrlHandlerMapping      : Rejected bean name &apos;propertySourcesPlaceholderConfigurer&apos;: no URL paths identified
2017-12-27 09:57:39.944 DEBUG 12824 --- [           main] o.s.w.s.h.BeanNameUrlHandlerMapping      : Rejected bean name &apos;loginInterceptor&apos;: no URL paths identified
2017-12-27 09:57:39.944 DEBUG 12824 --- [           main] o.s.w.s.h.BeanNameUrlHandlerMapping      : Rejected bean name &apos;org.springframework.boot.autoconfigure.AutoConfigurationPackages&apos;: no URL paths identified
2017-12-27 09:57:39.944 DEBUG 12824 --- [           main] o.s.w.s.h.BeanNameUrlHandlerMapping      : Rejected bean name &apos;org.springframework.boot.autoconfigure.context.PropertyPlaceholderAutoConfiguration&apos;: no URL paths identified
2017-12-27 09:57:39.944 DEBUG 12824 --- [           main] o.s.w.s.h.BeanNameUrlHandlerMapping      : Rejected bean name &apos;org.springframework.boot.autoconfigure.condition.BeanTypeRegistry&apos;: no URL paths identified
2017-12-27 09:57:39.944 DEBUG 12824 --- [           main] o.s.w.s.h.BeanNameUrlHandlerMapping      : Rejected bean name &apos;org.springframework.boot.autoconfigure.jackson.JacksonAutoConfiguration$Jackson2ObjectMapperBuilderCustomizerConfiguration&apos;: no URL paths identified
2017-12-27 09:57:39.945 DEBUG 12824 --- [           main] o.s.w.s.h.BeanNameUrlHandlerMapping      : Rejected bean name &apos;standardJacksonObjectMapperBuilderCustomizer&apos;: no URL paths identified
2017-12-27 09:57:39.945 DEBUG 12824 --- [           main] o.s.w.s.h.BeanNameUrlHandlerMapping      : Rejected bean name &apos;spring.jackson-org.springframework.boot.autoconfigure.jackson.JacksonProperties&apos;: no URL paths identified
2017-12-27 09:57:39.945 DEBUG 12824 --- [           main] o.s.w.s.h.BeanNameUrlHandlerMapping      : Rejected bean name &apos;org.springframework.boot.context.properties.ConfigurationPropertiesBindingPostProcessor&apos;: no URL paths identified
2017-12-27 09:57:39.945 DEBUG 12824 --- [           main] o.s.w.s.h.BeanNameUrlHandlerMapping      : Rejected bean name &apos;org.springframework.boot.context.properties.ConfigurationPropertiesBindingPostProcessor.store&apos;: no URL paths identified
2017-12-27 09:57:39.945 DEBUG 12824 --- [           main] o.s.w.s.h.BeanNameUrlHandlerMapping      : Rejected bean name &apos;org.springframework.boot.autoconfigure.jackson.JacksonAutoConfiguration$JacksonObjectMapperBuilderConfiguration&apos;: no URL paths identified
2017-12-27 09:57:39.945 DEBUG 12824 --- [           main] o.s.w.s.h.BeanNameUrlHandlerMapping      : Rejected bean name &apos;jacksonObjectMapperBuilder&apos;: no URL paths identified
2017-12-27 09:57:39.945 DEBUG 12824 --- [           main] o.s.w.s.h.BeanNameUrlHandlerMapping      : Rejected bean name &apos;org.springframework.boot.autoconfigure.jackson.JacksonAutoConfiguration$JacksonObjectMapperConfiguration&apos;: no URL paths identified
2017-12-27 09:57:39.945 DEBUG 12824 --- [           main] o.s.w.s.h.BeanNameUrlHandlerMapping      : Rejected bean name &apos;jacksonObjectMapper&apos;: no URL paths identified
2017-12-27 09:57:39.945 DEBUG 12824 --- [           main] o.s.w.s.h.BeanNameUrlHandlerMapping      : Rejected bean name &apos;org.springframework.boot.autoconfigure.jackson.JacksonAutoConfiguration&apos;: no URL paths identified
2017-12-27 09:57:39.945 DEBUG 12824 --- [           main] o.s.w.s.h.BeanNameUrlHandlerMapping      : Rejected bean name &apos;jsonComponentModule&apos;: no URL paths identified
2017-12-27 09:57:39.945 DEBUG 12824 --- [           main] o.s.w.s.h.BeanNameUrlHandlerMapping      : Rejected bean name &apos;org.springframework.boot.autoconfigure.websocket.WebSocketAutoConfiguration$TomcatWebSocketConfiguration&apos;: no URL paths identified
2017-12-27 09:57:39.945 DEBUG 12824 --- [           main] o.s.w.s.h.BeanNameUrlHandlerMapping      : Rejected bean name &apos;websocketContainerCustomizer&apos;: no URL paths identified
2017-12-27 09:57:39.945 DEBUG 12824 --- [           main] o.s.w.s.h.BeanNameUrlHandlerMapping      : Rejected bean name &apos;org.springframework.boot.autoconfigure.websocket.WebSocketAutoConfiguration&apos;: no URL paths identified
2017-12-27 09:57:39.945 DEBUG 12824 --- [           main] o.s.w.s.h.BeanNameUrlHandlerMapping      : Rejected bean name &apos;org.springframework.boot.autoconfigure.web.EmbeddedServletContainerAutoConfiguration$EmbeddedTomcat&apos;: no URL paths identified
2017-12-27 09:57:39.948 DEBUG 12824 --- [           main] o.s.w.s.h.BeanNameUrlHandlerMapping      : Rejected bean name &apos;tomcatEmbeddedServletContainerFactory&apos;: no URL paths identified
2017-12-27 09:57:39.948 DEBUG 12824 --- [           main] o.s.w.s.h.BeanNameUrlHandlerMapping      : Rejected bean name &apos;org.springframework.boot.autoconfigure.web.EmbeddedServletContainerAutoConfiguration&apos;: no URL paths identified
2017-12-27 09:57:39.948 DEBUG 12824 --- [           main] o.s.w.s.h.BeanNameUrlHandlerMapping      : Rejected bean name &apos;embeddedServletContainerCustomizerBeanPostProcessor&apos;: no URL paths identified
2017-12-27 09:57:39.948 DEBUG 12824 --- [           main] o.s.w.s.h.BeanNameUrlHandlerMapping      : Rejected bean name &apos;errorPageRegistrarBeanPostProcessor&apos;: no URL paths identified
2017-12-27 09:57:39.948 DEBUG 12824 --- [           main] o.s.w.s.h.BeanNameUrlHandlerMapping      : Rejected bean name &apos;org.springframework.boot.autoconfigure.web.DispatcherServletAutoConfiguration$DispatcherServletConfiguration&apos;: no URL paths identified
2017-12-27 09:57:39.948 DEBUG 12824 --- [           main] o.s.w.s.h.BeanNameUrlHandlerMapping      : Rejected bean name &apos;dispatcherServlet&apos;: no URL paths identified
2017-12-27 09:57:39.949 DEBUG 12824 --- [           main] o.s.w.s.h.BeanNameUrlHandlerMapping      : Rejected bean name &apos;spring.mvc-org.springframework.boot.autoconfigure.web.WebMvcProperties&apos;: no URL paths identified
2017-12-27 09:57:39.949 DEBUG 12824 --- [           main] o.s.w.s.h.BeanNameUrlHandlerMapping      : Rejected bean name &apos;org.springframework.boot.autoconfigure.web.DispatcherServletAutoConfiguration$DispatcherServletRegistrationConfiguration&apos;: no URL paths identified
2017-12-27 09:57:39.949 DEBUG 12824 --- [           main] o.s.w.s.h.BeanNameUrlHandlerMapping      : Rejected bean name &apos;dispatcherServletRegistration&apos;: no URL paths identified
2017-12-27 09:57:39.949 DEBUG 12824 --- [           main] o.s.w.s.h.BeanNameUrlHandlerMapping      : Rejected bean name &apos;org.springframework.boot.autoconfigure.web.DispatcherServletAutoConfiguration&apos;: no URL paths identified
2017-12-27 09:57:39.949 DEBUG 12824 --- [           main] o.s.w.s.h.BeanNameUrlHandlerMapping      : Rejected bean name &apos;org.springframework.boot.autoconfigure.validation.ValidationAutoConfiguration&apos;: no URL paths identified
2017-12-27 09:57:39.949 DEBUG 12824 --- [           main] o.s.w.s.h.BeanNameUrlHandlerMapping      : Rejected bean name &apos;defaultValidator&apos;: no URL paths identified
2017-12-27 09:57:39.949 DEBUG 12824 --- [           main] o.s.w.s.h.BeanNameUrlHandlerMapping      : Rejected bean name &apos;methodValidationPostProcessor&apos;: no URL paths identified
2017-12-27 09:57:39.949 DEBUG 12824 --- [           main] o.s.w.s.h.BeanNameUrlHandlerMapping      : Rejected bean name &apos;org.springframework.boot.autoconfigure.web.ErrorMvcAutoConfiguration$DefaultErrorViewResolverConfiguration&apos;: no URL paths identified
2017-12-27 09:57:39.949 DEBUG 12824 --- [           main] o.s.w.s.h.BeanNameUrlHandlerMapping      : Rejected bean name &apos;conventionErrorViewResolver&apos;: no URL paths identified
2017-12-27 09:57:39.949 DEBUG 12824 --- [           main] o.s.w.s.h.BeanNameUrlHandlerMapping      : Rejected bean name &apos;org.springframework.boot.autoconfigure.web.ErrorMvcAutoConfiguration&apos;: no URL paths identified
2017-12-27 09:57:39.949 DEBUG 12824 --- [           main] o.s.w.s.h.BeanNameUrlHandlerMapping      : Rejected bean name &apos;errorAttributes&apos;: no URL paths identified
2017-12-27 09:57:39.949 DEBUG 12824 --- [           main] o.s.w.s.h.BeanNameUrlHandlerMapping      : Rejected bean name &apos;basicErrorController&apos;: no URL paths identified
2017-12-27 09:57:39.949 DEBUG 12824 --- [           main] o.s.w.s.h.BeanNameUrlHandlerMapping      : Rejected bean name &apos;errorPageCustomizer&apos;: no URL paths identified
2017-12-27 09:57:39.949 DEBUG 12824 --- [           main] o.s.w.s.h.BeanNameUrlHandlerMapping      : Rejected bean name &apos;preserveErrorControllerTargetClassPostProcessor&apos;: no URL paths identified
2017-12-27 09:57:39.950 DEBUG 12824 --- [           main] o.s.w.s.h.BeanNameUrlHandlerMapping      : Rejected bean name &apos;spring.resources-org.springframework.boot.autoconfigure.web.ResourceProperties&apos;: no URL paths identified
2017-12-27 09:57:39.951 DEBUG 12824 --- [           main] o.s.w.s.h.BeanNameUrlHandlerMapping      : Rejected bean name &apos;org.springframework.boot.autoconfigure.web.WebMvcAutoConfiguration$EnableWebMvcConfiguration&apos;: no URL paths identified
2017-12-27 09:57:39.951 DEBUG 12824 --- [           main] o.s.w.s.h.BeanNameUrlHandlerMapping      : Rejected bean name &apos;requestMappingHandlerAdapter&apos;: no URL paths identified
2017-12-27 09:57:39.951 DEBUG 12824 --- [           main] o.s.w.s.h.BeanNameUrlHandlerMapping      : Rejected bean name &apos;requestMappingHandlerMapping&apos;: no URL paths identified
2017-12-27 09:57:39.951 DEBUG 12824 --- [           main] o.s.w.s.h.BeanNameUrlHandlerMapping      : Rejected bean name &apos;mvcValidator&apos;: no URL paths identified
2017-12-27 09:57:39.951 DEBUG 12824 --- [           main] o.s.w.s.h.BeanNameUrlHandlerMapping      : Rejected bean name &apos;mvcContentNegotiationManager&apos;: no URL paths identified
2017-12-27 09:57:39.951 DEBUG 12824 --- [           main] o.s.w.s.h.BeanNameUrlHandlerMapping      : Rejected bean name &apos;mvcPathMatcher&apos;: no URL paths identified
2017-12-27 09:57:39.951 DEBUG 12824 --- [           main] o.s.w.s.h.BeanNameUrlHandlerMapping      : Rejected bean name &apos;mvcUrlPathHelper&apos;: no URL paths identified
2017-12-27 09:57:39.951 DEBUG 12824 --- [           main] o.s.w.s.h.BeanNameUrlHandlerMapping      : Rejected bean name &apos;viewControllerHandlerMapping&apos;: no URL paths identified
2017-12-27 09:57:39.951 DEBUG 12824 --- [           main] o.s.w.s.h.BeanNameUrlHandlerMapping      : Rejected bean name &apos;beanNameHandlerMapping&apos;: no URL paths identified
2017-12-27 09:57:39.951 DEBUG 12824 --- [           main] o.s.w.s.h.BeanNameUrlHandlerMapping      : Rejected bean name &apos;resourceHandlerMapping&apos;: no URL paths identified
2017-12-27 09:57:39.951 DEBUG 12824 --- [           main] o.s.w.s.h.BeanNameUrlHandlerMapping      : Rejected bean name &apos;mvcResourceUrlProvider&apos;: no URL paths identified
2017-12-27 09:57:39.951 DEBUG 12824 --- [           main] o.s.w.s.h.BeanNameUrlHandlerMapping      : Rejected bean name &apos;defaultServletHandlerMapping&apos;: no URL paths identified
2017-12-27 09:57:39.951 DEBUG 12824 --- [           main] o.s.w.s.h.BeanNameUrlHandlerMapping      : Rejected bean name &apos;mvcConversionService&apos;: no URL paths identified
2017-12-27 09:57:39.951 DEBUG 12824 --- [           main] o.s.w.s.h.BeanNameUrlHandlerMapping      : Rejected bean name &apos;mvcUriComponentsContributor&apos;: no URL paths identified
2017-12-27 09:57:39.951 DEBUG 12824 --- [           main] o.s.w.s.h.BeanNameUrlHandlerMapping      : Rejected bean name &apos;httpRequestHandlerAdapter&apos;: no URL paths identified
2017-12-27 09:57:39.951 DEBUG 12824 --- [           main] o.s.w.s.h.BeanNameUrlHandlerMapping      : Rejected bean name &apos;simpleControllerHandlerAdapter&apos;: no URL paths identified
2017-12-27 09:57:39.951 DEBUG 12824 --- [           main] o.s.w.s.h.BeanNameUrlHandlerMapping      : Rejected bean name &apos;handlerExceptionResolver&apos;: no URL paths identified
2017-12-27 09:57:39.951 DEBUG 12824 --- [           main] o.s.w.s.h.BeanNameUrlHandlerMapping      : Rejected bean name &apos;mvcViewResolver&apos;: no URL paths identified
2017-12-27 09:57:39.951 DEBUG 12824 --- [           main] o.s.w.s.h.BeanNameUrlHandlerMapping      : Rejected bean name &apos;org.springframework.boot.autoconfigure.web.WebMvcAutoConfiguration$WebMvcAutoConfigurationAdapter&apos;: no URL paths identified
2017-12-27 09:57:39.951 DEBUG 12824 --- [           main] o.s.w.s.h.BeanNameUrlHandlerMapping      : Rejected bean name &apos;defaultViewResolver&apos;: no URL paths identified
2017-12-27 09:57:39.951 DEBUG 12824 --- [           main] o.s.w.s.h.BeanNameUrlHandlerMapping      : Rejected bean name &apos;viewResolver&apos;: no URL paths identified
2017-12-27 09:57:39.951 DEBUG 12824 --- [           main] o.s.w.s.h.BeanNameUrlHandlerMapping      : Rejected bean name &apos;welcomePageHandlerMapping&apos;: no URL paths identified
2017-12-27 09:57:39.952 DEBUG 12824 --- [           main] o.s.w.s.h.BeanNameUrlHandlerMapping      : Rejected bean name &apos;requestContextFilter&apos;: no URL paths identified
2017-12-27 09:57:39.952 DEBUG 12824 --- [           main] o.s.w.s.h.BeanNameUrlHandlerMapping      : Rejected bean name &apos;org.springframework.boot.autoconfigure.web.WebMvcAutoConfiguration&apos;: no URL paths identified
2017-12-27 09:57:39.952 DEBUG 12824 --- [           main] o.s.w.s.h.BeanNameUrlHandlerMapping      : Rejected bean name &apos;hiddenHttpMethodFilter&apos;: no URL paths identified
2017-12-27 09:57:39.952 DEBUG 12824 --- [           main] o.s.w.s.h.BeanNameUrlHandlerMapping      : Rejected bean name &apos;httpPutFormContentFilter&apos;: no URL paths identified
2017-12-27 09:57:39.952 DEBUG 12824 --- [           main] o.s.w.s.h.BeanNameUrlHandlerMapping      : Rejected bean name &apos;org.springframework.boot.autoconfigure.context.ConfigurationPropertiesAutoConfiguration&apos;: no URL paths identified
2017-12-27 09:57:39.952 DEBUG 12824 --- [           main] o.s.w.s.h.BeanNameUrlHandlerMapping      : Rejected bean name &apos;org.springframework.boot.autoconfigure.web.HttpMessageConvertersAutoConfiguration$StringHttpMessageConverterConfiguration&apos;: no URL paths identified
2017-12-27 09:57:39.952 DEBUG 12824 --- [           main] o.s.w.s.h.BeanNameUrlHandlerMapping      : Rejected bean name &apos;stringHttpMessageConverter&apos;: no URL paths identified
2017-12-27 09:57:39.952 DEBUG 12824 --- [           main] o.s.w.s.h.BeanNameUrlHandlerMapping      : Rejected bean name &apos;spring.http.encoding-org.springframework.boot.autoconfigure.web.HttpEncodingProperties&apos;: no URL paths identified
2017-12-27 09:57:39.952 DEBUG 12824 --- [           main] o.s.w.s.h.BeanNameUrlHandlerMapping      : Rejected bean name &apos;org.springframework.boot.autoconfigure.web.JacksonHttpMessageConvertersConfiguration$MappingJackson2HttpMessageConverterConfiguration&apos;: no URL paths identified
2017-12-27 09:57:39.952 DEBUG 12824 --- [           main] o.s.w.s.h.BeanNameUrlHandlerMapping      : Rejected bean name &apos;mappingJackson2HttpMessageConverter&apos;: no URL paths identified
2017-12-27 09:57:39.952 DEBUG 12824 --- [           main] o.s.w.s.h.BeanNameUrlHandlerMapping      : Rejected bean name &apos;org.springframework.boot.autoconfigure.web.JacksonHttpMessageConvertersConfiguration&apos;: no URL paths identified
2017-12-27 09:57:39.952 DEBUG 12824 --- [           main] o.s.w.s.h.BeanNameUrlHandlerMapping      : Rejected bean name &apos;org.springframework.boot.autoconfigure.web.HttpMessageConvertersAutoConfiguration&apos;: no URL paths identified
2017-12-27 09:57:39.952 DEBUG 12824 --- [           main] o.s.w.s.h.BeanNameUrlHandlerMapping      : Rejected bean name &apos;messageConverters&apos;: no URL paths identified
2017-12-27 09:57:39.952 DEBUG 12824 --- [           main] o.s.w.s.h.BeanNameUrlHandlerMapping      : Rejected bean name &apos;org.springframework.boot.autoconfigure.info.ProjectInfoAutoConfiguration&apos;: no URL paths identified
2017-12-27 09:57:39.952 DEBUG 12824 --- [           main] o.s.w.s.h.BeanNameUrlHandlerMapping      : Rejected bean name &apos;spring.info-org.springframework.boot.autoconfigure.info.ProjectInfoProperties&apos;: no URL paths identified
2017-12-27 09:57:39.952 DEBUG 12824 --- [           main] o.s.w.s.h.BeanNameUrlHandlerMapping      : Rejected bean name &apos;org.springframework.boot.autoconfigure.thymeleaf.ThymeleafAutoConfiguration$ThymeleafResourceHandlingConfig&apos;: no URL paths identified
2017-12-27 09:57:39.952 DEBUG 12824 --- [           main] o.s.w.s.h.BeanNameUrlHandlerMapping      : Rejected bean name &apos;org.springframework.boot.autoconfigure.thymeleaf.ThymeleafAutoConfiguration$ThymeleafWebLayoutConfiguration&apos;: no URL paths identified
2017-12-27 09:57:39.952 DEBUG 12824 --- [           main] o.s.w.s.h.BeanNameUrlHandlerMapping      : Rejected bean name &apos;layoutDialect&apos;: no URL paths identified
2017-12-27 09:57:39.952 DEBUG 12824 --- [           main] o.s.w.s.h.BeanNameUrlHandlerMapping      : Rejected bean name &apos;org.springframework.boot.autoconfigure.thymeleaf.ThymeleafAutoConfiguration$ThymeleafDefaultConfiguration&apos;: no URL paths identified
2017-12-27 09:57:39.953 DEBUG 12824 --- [           main] o.s.w.s.h.BeanNameUrlHandlerMapping      : Rejected bean name &apos;templateEngine&apos;: no URL paths identified
2017-12-27 09:57:39.953 DEBUG 12824 --- [           main] o.s.w.s.h.BeanNameUrlHandlerMapping      : Rejected bean name &apos;org.springframework.boot.autoconfigure.thymeleaf.ThymeleafAutoConfiguration$Thymeleaf2Configuration$Thymeleaf2ViewResolverConfiguration&apos;: no URL paths identified
2017-12-27 09:57:39.953 DEBUG 12824 --- [           main] o.s.w.s.h.BeanNameUrlHandlerMapping      : Rejected bean name &apos;thymeleafViewResolver&apos;: no URL paths identified
2017-12-27 09:57:39.953 DEBUG 12824 --- [           main] o.s.w.s.h.BeanNameUrlHandlerMapping      : Rejected bean name &apos;org.springframework.boot.autoconfigure.thymeleaf.ThymeleafAutoConfiguration$Thymeleaf2Configuration$DefaultTemplateResolverConfiguration&apos;: no URL paths identified
2017-12-27 09:57:39.953 DEBUG 12824 --- [           main] o.s.w.s.h.BeanNameUrlHandlerMapping      : Rejected bean name &apos;thymeleafResourceResolver&apos;: no URL paths identified
2017-12-27 09:57:39.953 DEBUG 12824 --- [           main] o.s.w.s.h.BeanNameUrlHandlerMapping      : Rejected bean name &apos;defaultTemplateResolver&apos;: no URL paths identified
2017-12-27 09:57:39.953 DEBUG 12824 --- [           main] o.s.w.s.h.BeanNameUrlHandlerMapping      : Rejected bean name &apos;org.springframework.boot.autoconfigure.thymeleaf.ThymeleafAutoConfiguration$Thymeleaf2Configuration&apos;: no URL paths identified
2017-12-27 09:57:39.953 DEBUG 12824 --- [           main] o.s.w.s.h.BeanNameUrlHandlerMapping      : Rejected bean name &apos;org.springframework.boot.autoconfigure.thymeleaf.ThymeleafAutoConfiguration&apos;: no URL paths identified
2017-12-27 09:57:39.953 DEBUG 12824 --- [           main] o.s.w.s.h.BeanNameUrlHandlerMapping      : Rejected bean name &apos;spring.thymeleaf-org.springframework.boot.autoconfigure.thymeleaf.ThymeleafProperties&apos;: no URL paths identified
2017-12-27 09:57:39.953 DEBUG 12824 --- [           main] o.s.w.s.h.BeanNameUrlHandlerMapping      : Rejected bean name &apos;org.springframework.boot.autoconfigure.web.HttpEncodingAutoConfiguration&apos;: no URL paths identified
2017-12-27 09:57:39.953 DEBUG 12824 --- [           main] o.s.w.s.h.BeanNameUrlHandlerMapping      : Rejected bean name &apos;characterEncodingFilter&apos;: no URL paths identified
2017-12-27 09:57:39.954 DEBUG 12824 --- [           main] o.s.w.s.h.BeanNameUrlHandlerMapping      : Rejected bean name &apos;localeCharsetMappingsCustomizer&apos;: no URL paths identified
2017-12-27 09:57:39.954 DEBUG 12824 --- [           main] o.s.w.s.h.BeanNameUrlHandlerMapping      : Rejected bean name &apos;org.springframework.boot.autoconfigure.web.MultipartAutoConfiguration&apos;: no URL paths identified
2017-12-27 09:57:39.954 DEBUG 12824 --- [           main] o.s.w.s.h.BeanNameUrlHandlerMapping      : Rejected bean name &apos;multipartConfigElement&apos;: no URL paths identified
2017-12-27 09:57:39.954 DEBUG 12824 --- [           main] o.s.w.s.h.BeanNameUrlHandlerMapping      : Rejected bean name &apos;multipartResolver&apos;: no URL paths identified
2017-12-27 09:57:39.954 DEBUG 12824 --- [           main] o.s.w.s.h.BeanNameUrlHandlerMapping      : Rejected bean name &apos;spring.http.multipart-org.springframework.boot.autoconfigure.web.MultipartProperties&apos;: no URL paths identified
2017-12-27 09:57:39.954 DEBUG 12824 --- [           main] o.s.w.s.h.BeanNameUrlHandlerMapping      : Rejected bean name &apos;org.springframework.boot.autoconfigure.web.ServerPropertiesAutoConfiguration&apos;: no URL paths identified
2017-12-27 09:57:39.954 DEBUG 12824 --- [           main] o.s.w.s.h.BeanNameUrlHandlerMapping      : Rejected bean name &apos;serverProperties&apos;: no URL paths identified
2017-12-27 09:57:39.954 DEBUG 12824 --- [           main] o.s.w.s.h.BeanNameUrlHandlerMapping      : Rejected bean name &apos;duplicateServerPropertiesDetector&apos;: no URL paths identified
2017-12-27 09:57:39.954 DEBUG 12824 --- [           main] o.s.w.s.h.BeanNameUrlHandlerMapping      : Rejected bean name &apos;org.springframework.boot.autoconfigure.web.WebClientAutoConfiguration$RestTemplateConfiguration&apos;: no URL paths identified
2017-12-27 09:57:39.954 DEBUG 12824 --- [           main] o.s.w.s.h.BeanNameUrlHandlerMapping      : Rejected bean name &apos;restTemplateBuilder&apos;: no URL paths identified
2017-12-27 09:57:39.954 DEBUG 12824 --- [           main] o.s.w.s.h.BeanNameUrlHandlerMapping      : Rejected bean name &apos;org.springframework.boot.autoconfigure.web.WebClientAutoConfiguration&apos;: no URL paths identified
2017-12-27 09:57:39.954 DEBUG 12824 --- [           main] o.s.w.s.h.BeanNameUrlHandlerMapping      : Rejected bean name &apos;autoConfigurationReport&apos;: no URL paths identified
2017-12-27 09:57:39.954 DEBUG 12824 --- [           main] o.s.w.s.h.BeanNameUrlHandlerMapping      : Rejected bean name &apos;org.springframework.boot.test.context.filter.TestTypeExcludeFilter&apos;: no URL paths identified
2017-12-27 09:57:39.954 DEBUG 12824 --- [           main] o.s.w.s.h.BeanNameUrlHandlerMapping      : Rejected bean name &apos;org.springframework.boot.test.autoconfigure.properties.PropertyMappingContextCustomizer$PropertyMappingCheckBeanPostProcessor&apos;: no URL paths identified
2017-12-27 09:57:39.954 DEBUG 12824 --- [           main] o.s.w.s.h.BeanNameUrlHandlerMapping      : Rejected bean name &apos;springApplicationArguments&apos;: no URL paths identified
2017-12-27 09:57:39.954 DEBUG 12824 --- [           main] o.s.w.s.h.BeanNameUrlHandlerMapping      : Rejected bean name &apos;springBootBanner&apos;: no URL paths identified
2017-12-27 09:57:39.954 DEBUG 12824 --- [           main] o.s.w.s.h.BeanNameUrlHandlerMapping      : Rejected bean name &apos;springBootLoggingSystem&apos;: no URL paths identified
2017-12-27 09:57:39.954 DEBUG 12824 --- [           main] o.s.w.s.h.BeanNameUrlHandlerMapping      : Rejected bean name &apos;environment&apos;: no URL paths identified
2017-12-27 09:57:39.954 DEBUG 12824 --- [           main] o.s.w.s.h.BeanNameUrlHandlerMapping      : Rejected bean name &apos;systemProperties&apos;: no URL paths identified
2017-12-27 09:57:39.955 DEBUG 12824 --- [           main] o.s.w.s.h.BeanNameUrlHandlerMapping      : Rejected bean name &apos;systemEnvironment&apos;: no URL paths identified
2017-12-27 09:57:39.955 DEBUG 12824 --- [           main] o.s.w.s.h.BeanNameUrlHandlerMapping      : Rejected bean name &apos;servletContext&apos;: no URL paths identified
2017-12-27 09:57:39.955 DEBUG 12824 --- [           main] o.s.w.s.h.BeanNameUrlHandlerMapping      : Rejected bean name &apos;contextParameters&apos;: no URL paths identified
2017-12-27 09:57:39.955 DEBUG 12824 --- [           main] o.s.w.s.h.BeanNameUrlHandlerMapping      : Rejected bean name &apos;contextAttributes&apos;: no URL paths identified
2017-12-27 09:57:39.955 DEBUG 12824 --- [           main] o.s.w.s.h.BeanNameUrlHandlerMapping      : Rejected bean name &apos;org.springframework.context.annotation.ConfigurationClassPostProcessor.importRegistry&apos;: no URL paths identified
2017-12-27 09:57:39.955 DEBUG 12824 --- [           main] o.s.w.s.h.BeanNameUrlHandlerMapping      : Rejected bean name &apos;org.springframework.boot.test.mock.mockito.MockitoBeans&apos;: no URL paths identified
2017-12-27 09:57:39.955 DEBUG 12824 --- [           main] o.s.w.s.h.BeanNameUrlHandlerMapping      : Rejected bean name &apos;messageSource&apos;: no URL paths identified
2017-12-27 09:57:39.955 DEBUG 12824 --- [           main] o.s.w.s.h.BeanNameUrlHandlerMapping      : Rejected bean name &apos;applicationEventMulticaster&apos;: no URL paths identified
2017-12-27 09:57:39.963  INFO 12824 --- [           main] o.s.w.s.handler.SimpleUrlHandlerMapping  : Mapped URL path [/webjars/**] onto handler of type [class org.springframework.web.servlet.resource.ResourceHttpRequestHandler]
2017-12-27 09:57:39.963  INFO 12824 --- [           main] o.s.w.s.handler.SimpleUrlHandlerMapping  : Mapped URL path [/**] onto handler of type [class org.springframework.web.servlet.resource.ResourceHttpRequestHandler]
2017-12-27 09:57:39.972 DEBUG 12824 --- [           main] .m.m.a.ExceptionHandlerExceptionResolver : Looking for exception mappings: org.springframework.web.context.support.GenericWebApplicationContext@5609159b: startup date [Wed Dec 27 09:57:38 CST 2017]; root of context hierarchy
2017-12-27 09:57:39.974  INFO 12824 --- [           main] .m.m.a.ExceptionHandlerExceptionResolver : Detected @ExceptionHandler methods in globalExceptionHandler
2017-12-27 09:57:43.483 DEBUG 12824 --- [           main] o.s.w.c.s.GenericWebApplicationContext   : Unable to locate LifecycleProcessor with name &apos;lifecycleProcessor&apos;: using default [org.springframework.context.support.DefaultLifecycleProcessor@256a1825]
2017-12-27 09:57:43.487 DEBUG 12824 --- [           main] o.s.w.s.resource.ResourceUrlProvider     : Looking for resource handler mappings
2017-12-27 09:57:43.488 DEBUG 12824 --- [           main] o.s.w.s.resource.ResourceUrlProvider     : Found resource handler mapping: URL pattern=&quot;/webjars/**&quot;, locations=[class path resource [META-INF/resources/webjars/]], resolvers=[org.springframework.web.servlet.resource.PathResourceResolver@2e3cdec2]
2017-12-27 09:57:43.488 DEBUG 12824 --- [           main] o.s.w.s.resource.ResourceUrlProvider     : Found resource handler mapping: URL pattern=&quot;/**&quot;, locations=[ServletContext resource [/], class path resource [META-INF/resources/], class path resource [resources/], class path resource [static/], class path resource [public/]], resolvers=[org.springframework.web.servlet.resource.PathResourceResolver@2e34384c]
2017-12-27 09:57:43.493  INFO 12824 --- [           main] c.q.p.service.impl.UserServiceImplTest   : Started UserServiceImplTest in 7.564 seconds (JVM running for 8.182)
</system-out>
    <system-err>org.apache.http.conn.HttpHostConnectException: Connect to 127.0.0.1:8081 [/127.0.0.1] failed: Connection refused: connect
	at org.apache.http.impl.conn.DefaultHttpClientConnectionOperator.connect(DefaultHttpClientConnectionOperator.java:159)
	at org.apache.http.impl.conn.PoolingHttpClientConnectionManager.connect(PoolingHttpClientConnectionManager.java:359)
	at org.apache.http.impl.execchain.MainClientExec.establishRoute(MainClientExec.java:381)
	at org.apache.http.impl.execchain.MainClientExec.execute(MainClientExec.java:237)
	at org.apache.http.impl.execchain.ProtocolExec.execute(ProtocolExec.java:185)
	at org.apache.http.impl.execchain.RetryExec.execute(RetryExec.java:89)
	at org.apache.http.impl.execchain.RedirectExec.execute(RedirectExec.java:111)
	at org.apache.http.impl.client.InternalHttpClient.doExecute(InternalHttpClient.java:185)
	at org.apache.http.impl.client.CloseableHttpClient.execute(CloseableHttpClient.java:83)
	at org.apache.http.impl.client.CloseableHttpClient.execute(CloseableHttpClient.java:108)
	at com.quark.porent.utils.HttpClientUtils.doGet(HttpClientUtils.java:49)
	at com.quark.porent.utils.HttpClientUtils.doGet(HttpClientUtils.java:70)
	at com.quark.porent.service.impl.UserServiceImpl.getUserByApi(UserServiceImpl.java:23)
	at com.quark.porent.service.impl.UserServiceImplTest.getUserByApi(UserServiceImplTest.java:26)
	at sun.reflect.NativeMethodAccessorImpl.invoke0(Native Method)
	at sun.reflect.NativeMethodAccessorImpl.invoke(NativeMethodAccessorImpl.java:62)
	at sun.reflect.DelegatingMethodAccessorImpl.invoke(DelegatingMethodAccessorImpl.java:43)
	at java.lang.reflect.Method.invoke(Method.java:498)
	at org.junit.runners.model.FrameworkMethod$1.runReflectiveCall(FrameworkMethod.java:50)
	at org.junit.internal.runners.model.ReflectiveCallable.run(ReflectiveCallable.java:12)
	at org.junit.runners.model.FrameworkMethod.invokeExplosively(FrameworkMethod.java:47)
	at org.junit.internal.runners.statements.InvokeMethod.evaluate(InvokeMethod.java:17)
	at org.springframework.test.context.junit4.statements.RunBeforeTestMethodCallbacks.evaluate(RunBeforeTestMethodCallbacks.java:75)
	at org.springframework.test.context.junit4.statements.RunAfterTestMethodCallbacks.evaluate(RunAfterTestMethodCallbacks.java:86)
	at org.springframework.test.context.junit4.statements.SpringRepeat.evaluate(SpringRepeat.java:84)
	at org.junit.runners.ParentRunner.runLeaf(ParentRunner.java:325)
	at org.springframework.test.context.junit4.SpringJUnit4ClassRunner.runChild(SpringJUnit4ClassRunner.java:252)
	at org.springframework.test.context.junit4.SpringJUnit4ClassRunner.runChild(SpringJUnit4ClassRunner.java:94)
	at org.junit.runners.ParentRunner$3.run(ParentRunner.java:290)
	at org.junit.runners.ParentRunner$1.schedule(ParentRunner.java:71)
	at org.junit.runners.ParentRunner.runChildren(ParentRunner.java:288)
	at org.junit.runners.ParentRunner.access$000(ParentRunner.java:58)
	at org.junit.runners.ParentRunner$2.evaluate(ParentRunner.java:268)
	at org.springframework.test.context.junit4.statements.RunBeforeTestClassCallbacks.evaluate(RunBeforeTestClassCallbacks.java:61)
	at org.springframework.test.context.junit4.statements.RunAfterTestClassCallbacks.evaluate(RunAfterTestClassCallbacks.java:70)
	at org.junit.runners.ParentRunner.run(ParentRunner.java:363)
	at org.springframework.test.context.junit4.SpringJUnit4ClassRunner.run(SpringJUnit4ClassRunner.java:191)
	at org.apache.maven.surefire.junit4.JUnit4Provider.execute(JUnit4Provider.java:252)
	at org.apache.maven.surefire.junit4.JUnit4Provider.executeTestSet(JUnit4Provider.java:141)
	at org.apache.maven.surefire.junit4.JUnit4Provider.invoke(JUnit4Provider.java:112)
	at sun.reflect.NativeMethodAccessorImpl.invoke0(Native Method)
	at sun.reflect.NativeMethodAccessorImpl.invoke(NativeMethodAccessorImpl.java:62)
	at sun.reflect.DelegatingMethodAccessorImpl.invoke(DelegatingMethodAccessorImpl.java:43)
	at java.lang.reflect.Method.invoke(Method.java:498)
	at org.apache.maven.surefire.util.ReflectionUtils.invokeMethodWithArray(ReflectionUtils.java:189)
	at org.apache.maven.surefire.booter.ProviderFactory$ProviderProxy.invoke(ProviderFactory.java:165)
	at org.apache.maven.surefire.booter.ProviderFactory.invokeProvider(ProviderFactory.java:85)
	at org.apache.maven.surefire.booter.ForkedBooter.runSuitesInProcess(ForkedBooter.java:115)
	at org.apache.maven.surefire.booter.ForkedBooter.main(ForkedBooter.java:75)
Caused by: java.net.ConnectException: Connection refused: connect
	at java.net.DualStackPlainSocketImpl.connect0(Native Method)
	at java.net.DualStackPlainSocketImpl.socketConnect(DualStackPlainSocketImpl.java:79)
	at java.net.AbstractPlainSocketImpl.doConnect(AbstractPlainSocketImpl.java:350)
	at java.net.AbstractPlainSocketImpl.connectToAddress(AbstractPlainSocketImpl.java:206)
	at java.net.AbstractPlainSocketImpl.connect(AbstractPlainSocketImpl.java:188)
	at java.net.PlainSocketImpl.connect(PlainSocketImpl.java:172)
	at java.net.SocksSocketImpl.connect(SocksSocketImpl.java:392)
	at java.net.Socket.connect(Socket.java:589)
	at org.apache.http.conn.socket.PlainConnectionSocketFactory.connectSocket(PlainConnectionSocketFactory.java:75)
	at org.apache.http.impl.conn.DefaultHttpClientConnectionOperator.connect(DefaultHttpClientConnectionOperator.java:142)
	... 48 more
</system-err>
  </testcase>
  <testcase classname="com.quark.porent.service.impl.UserServiceImplTest" name="getCookie" time="0"/>
</testsuite>